<?xml version="1.0" encoding="UTF-8"?>
<!-- Generated by org.testng.reporters.JUnitXMLReporter -->
<testsuite ignored="0" hostname="DESKTOP-KD1GRK7" failures="0" tests="10" name="Test1" time="131.764" errors="0" timestamp="2023-06-09T15:14:03 IST">
  <testcase classname="Testcases.Frames" name="@BeforeTest beforeTest" time="64.633">
    <failure type="org.openqa.selenium.remote.UnreachableBrowserException" message="Error communicating with the remote browser. It may have died.
Build info: version: &amp;apos;4.9.0&amp;apos;, revision: &amp;apos;d7057100a6&amp;apos;
System info: os.name: &amp;apos;Windows 10&amp;apos;, os.arch: &amp;apos;amd64&amp;apos;, os.version: &amp;apos;10.0&amp;apos;, java.version: &amp;apos;17.0.6&amp;apos;
Driver info: org.openqa.selenium.chrome.ChromeDriver
Command: [ec7b7b59af8cdab0fbc6972f1d98796a, get {url=https://www.w3schools.com/html/html_iframe.asp}]
Capabilities {acceptInsecureCerts: false, browserName: chrome, browserVersion: 114.0.5735.110, chrome: {chromedriverVersion: 114.0.5735.90 (386bc09e8f4f..., userDataDir: C:\Users\Veena\AppData\Loca...}, goog:chromeOptions: {debuggerAddress: localhost:57094}, networkConnectionEnabled: false, pageLoadStrategy: normal, platformName: WINDOWS, proxy: Proxy(), se:cdp: ws://localhost:57094/devtoo..., se:cdpVersion: 114.0.5735.110, setWindowRect: true, strictFileInteractability: false, timeouts: {implicit: 0, pageLoad: 300000, script: 30000}, unhandledPromptBehavior: dismiss and notify, webauthn:extension:credBlob: true, webauthn:extension:largeBlob: true, webauthn:extension:minPinLength: true, webauthn:extension:prf: true, webauthn:virtualAuthenticators: true}
Session ID: ec7b7b59af8cdab0fbc6972f1d98796a">
      <![CDATA[org.openqa.selenium.remote.UnreachableBrowserException: Error communicating with the remote browser. It may have died.
Build info: version: '4.9.0', revision: 'd7057100a6'
System info: os.name: 'Windows 10', os.arch: 'amd64', os.version: '10.0', java.version: '17.0.6'
Driver info: org.openqa.selenium.chrome.ChromeDriver
Command: [ec7b7b59af8cdab0fbc6972f1d98796a, get {url=https://www.w3schools.com/html/html_iframe.asp}]
Capabilities {acceptInsecureCerts: false, browserName: chrome, browserVersion: 114.0.5735.110, chrome: {chromedriverVersion: 114.0.5735.90 (386bc09e8f4f..., userDataDir: C:\Users\Veena\AppData\Loca...}, goog:chromeOptions: {debuggerAddress: localhost:57094}, networkConnectionEnabled: false, pageLoadStrategy: normal, platformName: WINDOWS, proxy: Proxy(), se:cdp: ws://localhost:57094/devtoo..., se:cdpVersion: 114.0.5735.110, setWindowRect: true, strictFileInteractability: false, timeouts: {implicit: 0, pageLoad: 300000, script: 30000}, unhandledPromptBehavior: dismiss and notify, webauthn:extension:credBlob: true, webauthn:extension:largeBlob: true, webauthn:extension:minPinLength: true, webauthn:extension:prf: true, webauthn:virtualAuthenticators: true}
Session ID: ec7b7b59af8cdab0fbc6972f1d98796a
at org.openqa.selenium.remote.RemoteWebDriver.execute(RemoteWebDriver.java:567)
at org.openqa.selenium.remote.RemoteWebDriver.get(RemoteWebDriver.java:297)
at mvn.SeleniumMavenSetUp.WebDriverManage.browserLaunch(WebDriverManage.java:30)
at Testcases.Frames.beforeTest(Frames.java:30)
Caused by: java.io.UncheckedIOException: java.net.SocketException: Connection reset
at org.openqa.selenium.remote.http.netty.NettyHttpHandler.makeCall(NettyHttpHandler.java:73)
at org.openqa.selenium.remote.http.AddSeleniumUserAgent.lambda$apply$0(AddSeleniumUserAgent.java:42)
at org.openqa.selenium.remote.http.Filter.lambda$andFinally$1(Filter.java:56)
at org.openqa.selenium.remote.http.netty.NettyHttpHandler.execute(NettyHttpHandler.java:49)
at org.openqa.selenium.remote.http.AddSeleniumUserAgent.lambda$apply$0(AddSeleniumUserAgent.java:42)
at org.openqa.selenium.remote.http.Filter.lambda$andFinally$1(Filter.java:56)
at org.openqa.selenium.remote.http.netty.NettyClient.execute(NettyClient.java:99)
at org.openqa.selenium.remote.HttpCommandExecutor.execute(HttpCommandExecutor.java:190)
at org.openqa.selenium.remote.service.DriverCommandExecutor.invokeExecute(DriverCommandExecutor.java:183)
at org.openqa.selenium.remote.service.DriverCommandExecutor.execute(DriverCommandExecutor.java:158)
at org.openqa.selenium.remote.RemoteWebDriver.execute(RemoteWebDriver.java:543)
... 27 more
Caused by: java.net.SocketException: Connection reset
at java.base/sun.nio.ch.SocketChannelImpl.throwConnectionReset(SocketChannelImpl.java:394)
at java.base/sun.nio.ch.SocketChannelImpl.read(SocketChannelImpl.java:426)
at io.netty.buffer.PooledByteBuf.setBytes(PooledByteBuf.java:256)
at io.netty.buffer.AbstractByteBuf.writeBytes(AbstractByteBuf.java:1132)
at io.netty.channel.socket.nio.NioSocketChannel.doReadBytes(NioSocketChannel.java:357)
at io.netty.channel.nio.AbstractNioByteChannel$NioByteUnsafe.read(AbstractNioByteChannel.java:151)
at io.netty.channel.nio.NioEventLoop.processSelectedKey(NioEventLoop.java:788)
at io.netty.channel.nio.NioEventLoop.processSelectedKeysOptimized(NioEventLoop.java:724)
at io.netty.channel.nio.NioEventLoop.processSelectedKeys(NioEventLoop.java:650)
at io.netty.channel.nio.NioEventLoop.run(NioEventLoop.java:562)
at io.netty.util.concurrent.SingleThreadEventExecutor$4.run(SingleThreadEventExecutor.java:997)
at io.netty.util.internal.ThreadExecutorMap$2.run(ThreadExecutorMap.java:74)
at io.netty.util.concurrent.FastThreadLocalRunnable.run(FastThreadLocalRunnable.java:30)
at java.base/java.lang.Thread.run(Thread.java:833)
... Removed 24 stack frames]]>
    </failure>
  </testcase> <!-- @BeforeTest beforeTest -->
  <testcase classname="Testcases.MultipleWindow" name="@BeforeTest beforeTest" time="-1.686303842483E9">
    <skipped/>
  </testcase> <!-- @BeforeTest beforeTest -->
  <testcase classname="Testcases.NewTest" name="@BeforeTest beforeTest" time="-1.686303842486E9">
    <skipped/>
  </testcase> <!-- @BeforeTest beforeTest -->
  <testcase classname="Testcases.RadioButton" name="@BeforeTest beforeTest" time="-1.686303842489E9">
    <skipped/>
  </testcase> <!-- @BeforeTest beforeTest -->
  <testcase classname="Testcases.Alert" name="@AfterTest afterTest" time="-1.686303842818E9">
    <skipped/>
  </testcase> <!-- @AfterTest afterTest -->
  <testcase classname="Testcases.CheckBox" name="@AfterTest afterTest" time="-1.686303842822E9">
    <skipped/>
  </testcase> <!-- @AfterTest afterTest -->
  <testcase classname="Testcases.DropDown" name="@AfterTest afterTest" time="-1.686303842829E9">
    <skipped/>
  </testcase> <!-- @AfterTest afterTest -->
  <testcase classname="Testcases.Frames" name="@AfterTest afterTest" time="-1.686303842857E9">
    <skipped/>
  </testcase> <!-- @AfterTest afterTest -->
  <testcase classname="Testcases.MultipleWindow" name="@AfterTest afterTest" time="-1.686303842865E9">
    <skipped/>
  </testcase> <!-- @AfterTest afterTest -->
  <testcase classname="Testcases.NewTest" name="@AfterTest afterTest" time="-1.686303842867E9">
    <skipped/>
  </testcase> <!-- @AfterTest afterTest -->
  <testcase classname="Testcases.RadioButton" name="@AfterTest afterTest" time="-1.686303842875E9">
    <skipped/>
  </testcase> <!-- @AfterTest afterTest -->
  <testcase classname="Testcases.MultipleWindow" name="f" time="0.0">
    <skipped/>
  </testcase> <!-- f -->
  <testcase classname="Testcases.CheckBox" name="check" time="0.0">
    <skipped/>
  </testcase> <!-- check -->
  <testcase classname="Testcases.DropDown" name="dropDownScenario" time="0.0">
    <skipped/>
  </testcase> <!-- dropDownScenario -->
  <testcase classname="Testcases.NewTest" name="a" time="0.0">
    <skipped/>
  </testcase> <!-- a -->
  <testcase classname="Testcases.Alert" name="alertMethod" time="0.0">
    <skipped/>
  </testcase> <!-- alertMethod -->
  <testcase classname="Testcases.NewTest" name="b" time="0.0">
    <skipped/>
  </testcase> <!-- b -->
  <testcase classname="Testcases.RadioButton" name="radiobutton" time="0.0">
    <skipped/>
  </testcase> <!-- radiobutton -->
  <testcase classname="Testcases.DropDown" name="dropDownMultiColor" time="0.0">
    <skipped/>
  </testcase> <!-- dropDownMultiColor -->
  <testcase classname="Testcases.Alert" name="PromptBoxAlertClick" time="0.0">
    <skipped/>
  </testcase> <!-- PromptBoxAlertClick -->
  <testcase classname="Testcases.Frames" name="frame" time="0.0">
    <skipped/>
  </testcase> <!-- frame -->
</testsuite> <!-- Test1 -->
